[debug] [2022-11-22T07:30:23.429Z] ----------------------------------------------------------------------
[debug] [2022-11-22T07:30:23.431Z] Command:       /Users/xuyuanshi/.nvm/versions/node/v16.18.0/bin/node /Users/xuyuanshi/.nvm/versions/node/v16.18.0/bin/firebase deploy
[debug] [2022-11-22T07:30:23.431Z] CLI Version:   11.16.0
[debug] [2022-11-22T07:30:23.432Z] Platform:      darwin
[debug] [2022-11-22T07:30:23.432Z] Node Version:  v16.18.0
[debug] [2022-11-22T07:30:23.432Z] Time:          Tue Nov 22 2022 15:30:23 GMT+0800 (台北標準時間)
[debug] [2022-11-22T07:30:23.433Z] ----------------------------------------------------------------------
[debug] 
[debug] [2022-11-22T07:30:23.480Z] > command requires scopes: ["email","openid","https://www.googleapis.com/auth/cloudplatformprojects.readonly","https://www.googleapis.com/auth/firebase","https://www.googleapis.com/auth/cloud-platform"]
[debug] [2022-11-22T07:30:23.481Z] > authorizing via signed-in user (ook1725@gmail.com)
[debug] [2022-11-22T07:30:23.481Z] [iam] checking project billnogates-3f0dd for permissions ["firebase.projects.get","firebasehosting.sites.update"]
[debug] [2022-11-22T07:30:23.482Z] >>> [apiv2][query] POST https://cloudresourcemanager.googleapis.com/v1/projects/billnogates-3f0dd:testIamPermissions [none]
[debug] [2022-11-22T07:30:23.482Z] >>> [apiv2][(partial)header] POST https://cloudresourcemanager.googleapis.com/v1/projects/billnogates-3f0dd:testIamPermissions x-goog-quota-user=projects/billnogates-3f0dd
[debug] [2022-11-22T07:30:23.482Z] >>> [apiv2][body] POST https://cloudresourcemanager.googleapis.com/v1/projects/billnogates-3f0dd:testIamPermissions {"permissions":["firebase.projects.get","firebasehosting.sites.update"]}
[debug] [2022-11-22T07:30:23.500Z] [iam] error while checking permissions, command may fail: FirebaseError: Failed to make request to https://cloudresourcemanager.googleapis.com/v1/projects/billnogates-3f0dd:testIamPermissions
[debug] [2022-11-22T07:30:23.501Z] >>> [apiv2][query] GET https://firebase.googleapis.com/v1beta1/projects/billnogates-3f0dd [none]
[debug] [2022-11-22T07:30:23.507Z] Failed to make request to https://firebase.googleapis.com/v1beta1/projects/billnogates-3f0dd
[debug] [2022-11-22T07:30:23.516Z] FirebaseError: Failed to make request to https://firebase.googleapis.com/v1beta1/projects/billnogates-3f0dd
    at RetryOperation._fn (/Users/xuyuanshi/.nvm/versions/node/v16.18.0/lib/node_modules/firebase-tools/lib/apiv2.js:242:31)
    at processTicksAndRejections (node:internal/process/task_queues:96:5)
[error] 
[error] Error: Failed to get Firebase project billnogates-3f0dd. Please make sure the project exists and your account has permission to access it.
